Determining if the pthread_create exist failed with the following output:
Change Dir: /home/aiudabot/AIUDA_PACKAGES/orbslam2_ws/build/catkin_tools_prebuild/CMakeFiles/CMakeTmp

Run Build Command:"/usr/bin/make" "cmTC_124ec/fast"
/usr/bin/make -f CMakeFiles/cmTC_124ec.dir/build.make CMakeFiles/cmTC_124ec.dir/build
make[1]: Entering directory '/home/aiudabot/AIUDA_PACKAGES/orbslam2_ws/build/catkin_tools_prebuild/CMakeFiles/CMakeTmp'
Building C object CMakeFiles/cmTC_124ec.dir/CheckSymbolExists.c.o
/usr/bin/cc    -o CMakeFiles/cmTC_124ec.dir/CheckSymbolExists.c.o   -c /home/aiudabot/AIUDA_PACKAGES/orbslam2_ws/build/catkin_tools_prebuild/CMakeFiles/CMakeTmp/CheckSymbolExists.c
Linking C executable cmTC_124ec
/usr/bin/cmake -E cmake_link_script CMakeFiles/cmTC_124ec.dir/link.txt --verbose=1
/usr/bin/cc      -rdynamic CMakeFiles/cmTC_124ec.dir/CheckSymbolExists.c.o  -o cmTC_124ec 
CMakeFiles/cmTC_124ec.dir/CheckSymbolExists.c.o: In function `main':
CheckSymbolExists.c:(.text+0x14): undefined reference to `pthread_create'
CheckSymbolExists.c:(.text+0x18): undefined reference to `pthread_create'
collect2: error: ld returned 1 exit status
CMakeFiles/cmTC_124ec.dir/build.make:97: recipe for target 'cmTC_124ec' failed
make[1]: *** [cmTC_124ec] Error 1
make[1]: Leaving directory '/home/aiudabot/AIUDA_PACKAGES/orbslam2_ws/build/catkin_tools_prebuild/CMakeFiles/CMakeTmp'
Makefile:126: recipe for target 'cmTC_124ec/fast' failed
make: *** [cmTC_124ec/fast] Error 2

File /home/aiudabot/AIUDA_PACKAGES/orbslam2_ws/build/catkin_tools_prebuild/CMakeFiles/CMakeTmp/CheckSymbolExists.c:
/* */
#include <pthread.h>

int main(int argc, char** argv)
{
  (void)argv;
#ifndef pthread_create
  return ((int*)(&pthread_create))[argc];
#else
  (void)argc;
  return 0;
#endif
}

Determining if the function pthread_create exists in the pthreads failed with the following output:
Change Dir: /home/aiudabot/AIUDA_PACKAGES/orbslam2_ws/build/catkin_tools_prebuild/CMakeFiles/CMakeTmp

Run Build Command:"/usr/bin/make" "cmTC_896fc/fast"
/usr/bin/make -f CMakeFiles/cmTC_896fc.dir/build.make CMakeFiles/cmTC_896fc.dir/build
make[1]: Entering directory '/home/aiudabot/AIUDA_PACKAGES/orbslam2_ws/build/catkin_tools_prebuild/CMakeFiles/CMakeTmp'
Building C object CMakeFiles/cmTC_896fc.dir/CheckFunctionExists.c.o
/usr/bin/cc   -DCHECK_FUNCTION_EXISTS=pthread_create   -o CMakeFiles/cmTC_896fc.dir/CheckFunctionExists.c.o   -c /usr/share/cmake-3.10/Modules/CheckFunctionExists.c
Linking C executable cmTC_896fc
/usr/bin/cmake -E cmake_link_script CMakeFiles/cmTC_896fc.dir/link.txt --verbose=1
/usr/bin/cc  -DCHECK_FUNCTION_EXISTS=pthread_create    -rdynamic CMakeFiles/cmTC_896fc.dir/CheckFunctionExists.c.o  -o cmTC_896fc -lpthreads 
/usr/bin/ld: cannot find -lpthreads
collect2: error: ld returned 1 exit status
CMakeFiles/cmTC_896fc.dir/build.make:97: recipe for target 'cmTC_896fc' failed
make[1]: *** [cmTC_896fc] Error 1
make[1]: Leaving directory '/home/aiudabot/AIUDA_PACKAGES/orbslam2_ws/build/catkin_tools_prebuild/CMakeFiles/CMakeTmp'
Makefile:126: recipe for target 'cmTC_896fc/fast' failed
make: *** [cmTC_896fc/fast] Error 2


