Determining if the pthread_create exist failed with the following output:
Change Dir: /home/aiudabot/AIUDA_PACKAGES/husky_ros_package/build/CMakeFiles/CMakeTmp

Run Build Command:"/usr/bin/make" "cmTC_85e3f/fast"
/usr/bin/make -f CMakeFiles/cmTC_85e3f.dir/build.make CMakeFiles/cmTC_85e3f.dir/build
make[1]: Entering directory '/home/aiudabot/AIUDA_PACKAGES/husky_ros_package/build/CMakeFiles/CMakeTmp'
Building C object CMakeFiles/cmTC_85e3f.dir/CheckSymbolExists.c.o
/usr/bin/cc    -o CMakeFiles/cmTC_85e3f.dir/CheckSymbolExists.c.o   -c /home/aiudabot/AIUDA_PACKAGES/husky_ros_package/build/CMakeFiles/CMakeTmp/CheckSymbolExists.c
Linking C executable cmTC_85e3f
/usr/bin/cmake -E cmake_link_script CMakeFiles/cmTC_85e3f.dir/link.txt --verbose=1
/usr/bin/cc      -rdynamic CMakeFiles/cmTC_85e3f.dir/CheckSymbolExists.c.o  -o cmTC_85e3f 
CMakeFiles/cmTC_85e3f.dir/CheckSymbolExists.c.o: In function `main':
CheckSymbolExists.c:(.text+0x14): undefined reference to `pthread_create'
CheckSymbolExists.c:(.text+0x18): undefined reference to `pthread_create'
collect2: error: ld returned 1 exit status
CMakeFiles/cmTC_85e3f.dir/build.make:97: recipe for target 'cmTC_85e3f' failed
make[1]: *** [cmTC_85e3f] Error 1
make[1]: Leaving directory '/home/aiudabot/AIUDA_PACKAGES/husky_ros_package/build/CMakeFiles/CMakeTmp'
Makefile:126: recipe for target 'cmTC_85e3f/fast' failed
make: *** [cmTC_85e3f/fast] Error 2

File /home/aiudabot/AIUDA_PACKAGES/husky_ros_package/build/CMakeFiles/CMakeTmp/CheckSymbolExists.c:
/* */
#include <pthread.h>

int main(int argc, char** argv)
{
  (void)argv;
#ifndef pthread_create
  return ((int*)(&pthread_create))[argc];
#else
  (void)argc;
  return 0;
#endif
}

Determining if the function pthread_create exists in the pthreads failed with the following output:
Change Dir: /home/aiudabot/AIUDA_PACKAGES/husky_ros_package/build/CMakeFiles/CMakeTmp

Run Build Command:"/usr/bin/make" "cmTC_366e4/fast"
/usr/bin/make -f CMakeFiles/cmTC_366e4.dir/build.make CMakeFiles/cmTC_366e4.dir/build
make[1]: Entering directory '/home/aiudabot/AIUDA_PACKAGES/husky_ros_package/build/CMakeFiles/CMakeTmp'
Building C object CMakeFiles/cmTC_366e4.dir/CheckFunctionExists.c.o
/usr/bin/cc   -DCHECK_FUNCTION_EXISTS=pthread_create   -o CMakeFiles/cmTC_366e4.dir/CheckFunctionExists.c.o   -c /usr/share/cmake-3.10/Modules/CheckFunctionExists.c
Linking C executable cmTC_366e4
/usr/bin/cmake -E cmake_link_script CMakeFiles/cmTC_366e4.dir/link.txt --verbose=1
/usr/bin/cc  -DCHECK_FUNCTION_EXISTS=pthread_create    -rdynamic CMakeFiles/cmTC_366e4.dir/CheckFunctionExists.c.o  -o cmTC_366e4 -lpthreads 
/usr/bin/ld: cannot find -lpthreads
collect2: error: ld returned 1 exit status
CMakeFiles/cmTC_366e4.dir/build.make:97: recipe for target 'cmTC_366e4' failed
make[1]: *** [cmTC_366e4] Error 1
make[1]: Leaving directory '/home/aiudabot/AIUDA_PACKAGES/husky_ros_package/build/CMakeFiles/CMakeTmp'
Makefile:126: recipe for target 'cmTC_366e4/fast' failed
make: *** [cmTC_366e4/fast] Error 2


