Determining if the pthread_create exist failed with the following output:
Change Dir: /home/aiudabot/AIUDA_PACKAGES/teleop_catkin_ws/build/CMakeFiles/CMakeTmp

Run Build Command:"/usr/bin/make" "cmTC_ffa6a/fast"
/usr/bin/make -f CMakeFiles/cmTC_ffa6a.dir/build.make CMakeFiles/cmTC_ffa6a.dir/build
make[1]: Entering directory '/home/aiudabot/AIUDA_PACKAGES/teleop_catkin_ws/build/CMakeFiles/CMakeTmp'
Building C object CMakeFiles/cmTC_ffa6a.dir/CheckSymbolExists.c.o
/usr/bin/cc    -o CMakeFiles/cmTC_ffa6a.dir/CheckSymbolExists.c.o   -c /home/aiudabot/AIUDA_PACKAGES/teleop_catkin_ws/build/CMakeFiles/CMakeTmp/CheckSymbolExists.c
Linking C executable cmTC_ffa6a
/usr/bin/cmake -E cmake_link_script CMakeFiles/cmTC_ffa6a.dir/link.txt --verbose=1
/usr/bin/cc      -rdynamic CMakeFiles/cmTC_ffa6a.dir/CheckSymbolExists.c.o  -o cmTC_ffa6a 
CMakeFiles/cmTC_ffa6a.dir/CheckSymbolExists.c.o: In function `main':
CheckSymbolExists.c:(.text+0x14): undefined reference to `pthread_create'
CheckSymbolExists.c:(.text+0x18): undefined reference to `pthread_create'
collect2: error: ld returned 1 exit status
CMakeFiles/cmTC_ffa6a.dir/build.make:97: recipe for target 'cmTC_ffa6a' failed
make[1]: *** [cmTC_ffa6a] Error 1
make[1]: Leaving directory '/home/aiudabot/AIUDA_PACKAGES/teleop_catkin_ws/build/CMakeFiles/CMakeTmp'
Makefile:126: recipe for target 'cmTC_ffa6a/fast' failed
make: *** [cmTC_ffa6a/fast] Error 2

File /home/aiudabot/AIUDA_PACKAGES/teleop_catkin_ws/build/CMakeFiles/CMakeTmp/CheckSymbolExists.c:
/* */
#include <pthread.h>

int main(int argc, char** argv)
{
  (void)argv;
#ifndef pthread_create
  return ((int*)(&pthread_create))[argc];
#else
  (void)argc;
  return 0;
#endif
}

Determining if the function pthread_create exists in the pthreads failed with the following output:
Change Dir: /home/aiudabot/AIUDA_PACKAGES/teleop_catkin_ws/build/CMakeFiles/CMakeTmp

Run Build Command:"/usr/bin/make" "cmTC_2a9a8/fast"
/usr/bin/make -f CMakeFiles/cmTC_2a9a8.dir/build.make CMakeFiles/cmTC_2a9a8.dir/build
make[1]: Entering directory '/home/aiudabot/AIUDA_PACKAGES/teleop_catkin_ws/build/CMakeFiles/CMakeTmp'
Building C object CMakeFiles/cmTC_2a9a8.dir/CheckFunctionExists.c.o
/usr/bin/cc   -DCHECK_FUNCTION_EXISTS=pthread_create   -o CMakeFiles/cmTC_2a9a8.dir/CheckFunctionExists.c.o   -c /usr/share/cmake-3.10/Modules/CheckFunctionExists.c
Linking C executable cmTC_2a9a8
/usr/bin/cmake -E cmake_link_script CMakeFiles/cmTC_2a9a8.dir/link.txt --verbose=1
/usr/bin/cc  -DCHECK_FUNCTION_EXISTS=pthread_create    -rdynamic CMakeFiles/cmTC_2a9a8.dir/CheckFunctionExists.c.o  -o cmTC_2a9a8 -lpthreads 
/usr/bin/ld: cannot find -lpthreads
collect2: error: ld returned 1 exit status
CMakeFiles/cmTC_2a9a8.dir/build.make:97: recipe for target 'cmTC_2a9a8' failed
make[1]: *** [cmTC_2a9a8] Error 1
make[1]: Leaving directory '/home/aiudabot/AIUDA_PACKAGES/teleop_catkin_ws/build/CMakeFiles/CMakeTmp'
Makefile:126: recipe for target 'cmTC_2a9a8/fast' failed
make: *** [cmTC_2a9a8/fast] Error 2


