Determining if the pthread_create exist failed with the following output:
Change Dir: /home/aiudabot/AIUDA_PACKAGES/opencv_ros_package/build/CMakeFiles/CMakeTmp

Run Build Command:"/usr/bin/make" "cmTC_cb47a/fast"
/usr/bin/make -f CMakeFiles/cmTC_cb47a.dir/build.make CMakeFiles/cmTC_cb47a.dir/build
make[1]: Entering directory '/home/aiudabot/AIUDA_PACKAGES/opencv_ros_package/build/CMakeFiles/CMakeTmp'
Building C object CMakeFiles/cmTC_cb47a.dir/CheckSymbolExists.c.o
/usr/bin/cc    -o CMakeFiles/cmTC_cb47a.dir/CheckSymbolExists.c.o   -c /home/aiudabot/AIUDA_PACKAGES/opencv_ros_package/build/CMakeFiles/CMakeTmp/CheckSymbolExists.c
Linking C executable cmTC_cb47a
/usr/bin/cmake -E cmake_link_script CMakeFiles/cmTC_cb47a.dir/link.txt --verbose=1
/usr/bin/cc      -rdynamic CMakeFiles/cmTC_cb47a.dir/CheckSymbolExists.c.o  -o cmTC_cb47a 
CMakeFiles/cmTC_cb47a.dir/CheckSymbolExists.c.o: In function `main':
CheckSymbolExists.c:(.text+0x14): undefined reference to `pthread_create'
CheckSymbolExists.c:(.text+0x18): undefined reference to `pthread_create'
collect2: error: ld returned 1 exit status
CMakeFiles/cmTC_cb47a.dir/build.make:97: recipe for target 'cmTC_cb47a' failed
make[1]: *** [cmTC_cb47a] Error 1
make[1]: Leaving directory '/home/aiudabot/AIUDA_PACKAGES/opencv_ros_package/build/CMakeFiles/CMakeTmp'
Makefile:126: recipe for target 'cmTC_cb47a/fast' failed
make: *** [cmTC_cb47a/fast] Error 2

File /home/aiudabot/AIUDA_PACKAGES/opencv_ros_package/build/CMakeFiles/CMakeTmp/CheckSymbolExists.c:
/* */
#include <pthread.h>

int main(int argc, char** argv)
{
  (void)argv;
#ifndef pthread_create
  return ((int*)(&pthread_create))[argc];
#else
  (void)argc;
  return 0;
#endif
}

Determining if the function pthread_create exists in the pthreads failed with the following output:
Change Dir: /home/aiudabot/AIUDA_PACKAGES/opencv_ros_package/build/CMakeFiles/CMakeTmp

Run Build Command:"/usr/bin/make" "cmTC_ddcfb/fast"
/usr/bin/make -f CMakeFiles/cmTC_ddcfb.dir/build.make CMakeFiles/cmTC_ddcfb.dir/build
make[1]: Entering directory '/home/aiudabot/AIUDA_PACKAGES/opencv_ros_package/build/CMakeFiles/CMakeTmp'
Building C object CMakeFiles/cmTC_ddcfb.dir/CheckFunctionExists.c.o
/usr/bin/cc   -DCHECK_FUNCTION_EXISTS=pthread_create   -o CMakeFiles/cmTC_ddcfb.dir/CheckFunctionExists.c.o   -c /usr/share/cmake-3.10/Modules/CheckFunctionExists.c
Linking C executable cmTC_ddcfb
/usr/bin/cmake -E cmake_link_script CMakeFiles/cmTC_ddcfb.dir/link.txt --verbose=1
/usr/bin/cc  -DCHECK_FUNCTION_EXISTS=pthread_create    -rdynamic CMakeFiles/cmTC_ddcfb.dir/CheckFunctionExists.c.o  -o cmTC_ddcfb -lpthreads 
/usr/bin/ld: cannot find -lpthreads
collect2: error: ld returned 1 exit status
CMakeFiles/cmTC_ddcfb.dir/build.make:97: recipe for target 'cmTC_ddcfb' failed
make[1]: *** [cmTC_ddcfb] Error 1
make[1]: Leaving directory '/home/aiudabot/AIUDA_PACKAGES/opencv_ros_package/build/CMakeFiles/CMakeTmp'
Makefile:126: recipe for target 'cmTC_ddcfb/fast' failed
make: *** [cmTC_ddcfb/fast] Error 2


