Determining if the pthread_create exist failed with the following output:
Change Dir: /home/aiudabot/AIUDA_PACKAGES/mpu_ws/build/CMakeFiles/CMakeTmp

Run Build Command:"/usr/bin/make" "cmTC_fe348/fast"
/usr/bin/make -f CMakeFiles/cmTC_fe348.dir/build.make CMakeFiles/cmTC_fe348.dir/build
make[1]: Entering directory '/home/aiudabot/AIUDA_PACKAGES/mpu_ws/build/CMakeFiles/CMakeTmp'
Building C object CMakeFiles/cmTC_fe348.dir/CheckSymbolExists.c.o
/usr/bin/cc    -o CMakeFiles/cmTC_fe348.dir/CheckSymbolExists.c.o   -c /home/aiudabot/AIUDA_PACKAGES/mpu_ws/build/CMakeFiles/CMakeTmp/CheckSymbolExists.c
Linking C executable cmTC_fe348
/usr/bin/cmake -E cmake_link_script CMakeFiles/cmTC_fe348.dir/link.txt --verbose=1
/usr/bin/cc      -rdynamic CMakeFiles/cmTC_fe348.dir/CheckSymbolExists.c.o  -o cmTC_fe348 
CMakeFiles/cmTC_fe348.dir/CheckSymbolExists.c.o: In function `main':
CheckSymbolExists.c:(.text+0x14): undefined reference to `pthread_create'
CheckSymbolExists.c:(.text+0x18): undefined reference to `pthread_create'
collect2: error: ld returned 1 exit status
CMakeFiles/cmTC_fe348.dir/build.make:97: recipe for target 'cmTC_fe348' failed
make[1]: *** [cmTC_fe348] Error 1
make[1]: Leaving directory '/home/aiudabot/AIUDA_PACKAGES/mpu_ws/build/CMakeFiles/CMakeTmp'
Makefile:126: recipe for target 'cmTC_fe348/fast' failed
make: *** [cmTC_fe348/fast] Error 2

File /home/aiudabot/AIUDA_PACKAGES/mpu_ws/build/CMakeFiles/CMakeTmp/CheckSymbolExists.c:
/* */
#include <pthread.h>

int main(int argc, char** argv)
{
  (void)argv;
#ifndef pthread_create
  return ((int*)(&pthread_create))[argc];
#else
  (void)argc;
  return 0;
#endif
}

Determining if the function pthread_create exists in the pthreads failed with the following output:
Change Dir: /home/aiudabot/AIUDA_PACKAGES/mpu_ws/build/CMakeFiles/CMakeTmp

Run Build Command:"/usr/bin/make" "cmTC_d60fc/fast"
/usr/bin/make -f CMakeFiles/cmTC_d60fc.dir/build.make CMakeFiles/cmTC_d60fc.dir/build
make[1]: Entering directory '/home/aiudabot/AIUDA_PACKAGES/mpu_ws/build/CMakeFiles/CMakeTmp'
Building C object CMakeFiles/cmTC_d60fc.dir/CheckFunctionExists.c.o
/usr/bin/cc   -DCHECK_FUNCTION_EXISTS=pthread_create   -o CMakeFiles/cmTC_d60fc.dir/CheckFunctionExists.c.o   -c /usr/share/cmake-3.10/Modules/CheckFunctionExists.c
Linking C executable cmTC_d60fc
/usr/bin/cmake -E cmake_link_script CMakeFiles/cmTC_d60fc.dir/link.txt --verbose=1
/usr/bin/cc  -DCHECK_FUNCTION_EXISTS=pthread_create    -rdynamic CMakeFiles/cmTC_d60fc.dir/CheckFunctionExists.c.o  -o cmTC_d60fc -lpthreads 
/usr/bin/ld: cannot find -lpthreads
collect2: error: ld returned 1 exit status
CMakeFiles/cmTC_d60fc.dir/build.make:97: recipe for target 'cmTC_d60fc' failed
make[1]: *** [cmTC_d60fc] Error 1
make[1]: Leaving directory '/home/aiudabot/AIUDA_PACKAGES/mpu_ws/build/CMakeFiles/CMakeTmp'
Makefile:126: recipe for target 'cmTC_d60fc/fast' failed
make: *** [cmTC_d60fc/fast] Error 2


